--------------------------------------------------------------------------------
       log:  C:\Users\Stephen_2\uottawa\log/locationspecificglobals.do_uow2.log
  log type:  text
 opened on:  31 Jan 2011, 11:50:05

. set memory 500m

Current memory allocation

                    current                                 memory usage
    settable          value     description                 (1M = 1024k)
    --------------------------------------------------------------------
    set maxvar         5000     max. variables allowed           1.909M
    set memory          500M    max. data space                500.000M
    set matsize         400     max. RHS vars in models          1.254M
                                                            -----------
                                                               503.163M

. set matsize 500

Current memory allocation

                    current                                 memory usage
    settable          value     description                 (1M = 1024k)
    --------------------------------------------------------------------
    set maxvar         5000     max. variables allowed           1.909M
    set memory          500M    max. data space                500.000M
    set matsize         500     max. RHS vars in models          1.949M
                                                            -----------
                                                               503.858M

. version 10.1

. 
. /*
>         **** LOCAL MACROS, DEFINE THEM HERE ****
>         
>         If all your files are going to be in the same
>         directories, it might be advantageous to add
>         a local macro here.
> */
. local root "C:\Users\Stephen_2\uottawa\"

. // local root "~/uottawa/"
. 
. /*
>         Code directory (contains do and ado subdirectories)
>         All the files will be run from this directory.
> */
. // global projectdirectory "~/Documents/data/"
. // global projectdirectory "C:\Users\User\Documents\Working\trunk/"
. global projectdirectory "`root'"

. // global projectdirectory `"`root'trunk/"'
. 
. /*
>         Stata Utilities Directory
> */
. global statautil "C:\Users\Stephen_2\Stata-Utilities\"

. 
. /*
>         Source data (read only -- original data files)
> */
. // global sourcedatapath ""
. global sourcedatapath `"`root'data\source/"'

. 
. /*
> User data (Such as the data files for funding formula -- doesn't need to be se
> cure).
> */
. // global userdatapath ""
. global userdatapath `"`root'data\user/"'

. 
. /*
>         Working data (read/write, working data files)
> */
. // global workdatapath ""
. global workdatapath `"`root'data\work/"'

. 
. /*
>         Logs (Both generated by programs and manually)
> */
. // global logpath ""
. global logpath `"`root'data\log/"'

. // global logpath `"`root'log/"'
. 
. /*
>         Manual Logs
> */
. global manuallogpath `"${logpath}manual/"'

. 
. /*
>         Output (where charts, etc. go)
> */
. // global outputpath ""
. // global outputpath `"`root'output/"'
. global outputpath `"`root'data\output/"'

. 
. 
. capture log close
